#
# There is insufficient memory for the Java Runtime Environment to continue.
# Native memory allocation (malloc) failed to allocate 32744 bytes for ChunkPool::allocate
# Possible reasons:
#   The system is out of physical RAM or swap space
#   In 32 bit mode, the process size limit was hit
# Possible solutions:
#   Reduce memory load on the system
#   Increase physical memory or swap space
#   Check if swap backing store is full
#   Use 64 bit Java on a 64 bit OS
#   Decrease Java heap size (-Xmx/-Xms)
#   Decrease number of Java threads
#   Decrease Java thread stack sizes (-Xss)
#   Set larger code cache with -XX:ReservedCodeCacheSize=
# This output file may be truncated or incomplete.
#
#  Out of Memory Error (allocation.cpp:273), pid=7088, tid=0x000000000000284c
#
# JRE version: Java(TM) SE Runtime Environment (8.0_141-b15) (build 1.8.0_141-b15)
# Java VM: Java HotSpot(TM) 64-Bit Server VM (25.141-b15 mixed mode windows-amd64 compressed oops)
# Failed to write core dump. Minidumps are not enabled by default on client versions of Windows
#

---------------  T H R E A D  ---------------

Current thread (0x0000000019b77800):  JavaThread "C1 CompilerThread2" daemon [_thread_in_native, id=10316, stack(0x000000001a080000,0x000000001a180000)]

Stack: [0x000000001a080000,0x000000001a180000]
[error occurred during error reporting (printing stack bounds), id 0xc0000005]

Native frames: (J=compiled Java code, j=interpreted, Vv=VM code, C=native code)


Current CompileTask:
C1: 499230 2920   !   3       sun.swing.SwingUtilities2::drawStringUnderlineCharAt (270 bytes)


---------------  P R O C E S S  ---------------

Java Threads: ( => current thread )
  0x000000001aaa1000 JavaThread "Swing-Shell" daemon [_thread_blocked, id=8296, stack(0x000000001dfe0000,0x000000001e0e0000)]
  0x0000000019bb4000 JavaThread "TimerQueue" daemon [_thread_blocked, id=2052, stack(0x000000001c9f0000,0x000000001caf0000)]
  0x0000000003292800 JavaThread "DestroyJavaVM" [_thread_blocked, id=7552, stack(0x0000000003000000,0x0000000003100000)]
  0x000000001a65c800 JavaThread "AWT-EventQueue-0" [_thread_blocked, id=9060, stack(0x000000001ba90000,0x000000001bb90000)]
  0x000000001a53d800 JavaThread "AWT-Windows" daemon [_thread_in_native, id=6448, stack(0x000000001aed0000,0x000000001afd0000)]
  0x000000001a53c800 JavaThread "AWT-Shutdown" [_thread_blocked, id=2656, stack(0x000000001add0000,0x000000001aed0000)]
  0x000000001a53b800 JavaThread "Java2D Disposer" daemon [_thread_blocked, id=14356, stack(0x000000001acd0000,0x000000001add0000)]
  0x0000000019b79000 JavaThread "Service Thread" daemon [_thread_blocked, id=12680, stack(0x000000001a180000,0x000000001a280000)]
=>0x0000000019b77800 JavaThread "C1 CompilerThread2" daemon [_thread_in_native, id=10316, stack(0x000000001a080000,0x000000001a180000)]
  0x0000000019b74800 JavaThread "C2 CompilerThread1" daemon [_thread_blocked, id=14820, stack(0x0000000019f80000,0x000000001a080000)]
  0x0000000019c17000 JavaThread "C2 CompilerThread0" daemon [_thread_blocked, id=12028, stack(0x0000000019e80000,0x0000000019f80000)]
  0x0000000017df6800 JavaThread "JDWP Event Helper Thread" daemon [_thread_blocked, id=13372, stack(0x0000000019880000,0x0000000019980000)]
  0x0000000017de0000 JavaThread "Attach Listener" daemon [_thread_blocked, id=8664, stack(0x0000000019340000,0x0000000019440000)]
  0x0000000017dde800 JavaThread "Signal Dispatcher" daemon [_thread_blocked, id=6916, stack(0x0000000019240000,0x0000000019340000)]
  0x0000000017dca000 JavaThread "Finalizer" daemon [_thread_blocked, id=8972, stack(0x0000000019030000,0x0000000019130000)]
  0x0000000003382000 JavaThread "Reference Handler" daemon [_thread_blocked, id=748, stack(0x0000000018f30000,0x0000000019030000)]

Other Threads:
  0x0000000017da7000 VMThread [stack: 0x0000000018e30000,0x0000000018f30000] [id=11452]
  0x0000000019bd1000 WatcherThread [stack: 0x000000001a3d0000,0x000000001a4d0000] [id=16092]

VM state:not at safepoint (normal execution)

VM Mutex/Monitor currently owned by a thread: None

Heap:
 PSYoungGen      total 37888K, used 33085K [0x00000000d6600000, 0x00000000d9000000, 0x0000000100000000)
  eden space 32768K, 85% used [0x00000000d6600000,0x00000000d8153258,0x00000000d8600000)
  from space 5120K, 99% used [0x00000000d8600000,0x00000000d8afc568,0x00000000d8b00000)
  to   space 5120K, 0% used [0x00000000d8b00000,0x00000000d8b00000,0x00000000d9000000)
 ParOldGen       total 86016K, used 285K [0x0000000083200000, 0x0000000088600000, 0x00000000d6600000)
  object space 86016K, 0% used [0x0000000083200000,0x00000000832477f0,0x0000000088600000)
 Metaspace       used 17937K, capacity 18242K, committed 18432K, reserved 1064960K
  class space    used 2131K, capacity 2238K, committed 2304K, reserved 1048576K

Card table byte_map: [0x0000000012750000,0x0000000012b40000] byte_map_base: 0x0000000012337000

Marking Bits: (ParMarkBitMap*) 0x00000000696bd850
 Begin Bits: [0x00000000131e0000, 0x0000000015118000)
 End Bits:   [0x0000000015118000, 0x0000000017050000)

Polling page: 0x0000000001330000

CodeCache: size=245760Kb used=10024Kb max_used=10036Kb free=235735Kb
 bounds [0x0000000003390000, 0x0000000003d70000, 0x0000000012390000]
 total_blobs=3267 nmethods=2730 adapters=455
 compilation: enabled

Compilation events (10 events):
Event: 497.794 Thread 0x0000000019b77800 2918       1       sun.awt.NullComponentPeer::updateGraphicsData (2 bytes)
Event: 497.794 Thread 0x0000000019b77800 nmethod 2918 0x0000000003cf1250 code [0x0000000003cf13a0, 0x0000000003cf14b0]
Event: 497.796 Thread 0x0000000019b74800 nmethod 2917 0x0000000003d2a4d0 code [0x0000000003d2a620, 0x0000000003d2a978]
Event: 497.854 Thread 0x0000000019b77800 2919       3       javax.swing.plaf.basic.BasicLabelUI::paint (187 bytes)
Event: 497.855 Thread 0x0000000019b74800 2921       4       java.awt.geom.AffineTransform::<init> (69 bytes)
Event: 497.857 Thread 0x0000000019b74800 nmethod 2921 0x0000000003d2d890 code [0x0000000003d2d9c0, 0x0000000003d2da98]
Event: 497.859 Thread 0x0000000019b77800 nmethod 2919 0x0000000003d64790 code [0x0000000003d64ac0, 0x0000000003d66938]
Event: 497.859 Thread 0x0000000019b77800 2920   !   3       sun.swing.SwingUtilities2::drawStringUnderlineCharAt (270 bytes)
Event: 497.860 Thread 0x0000000019c17000 2924       4       sun.java2d.SunGraphics2D::create (8 bytes)
Event: 497.868 Thread 0x0000000019c17000 nmethod 2924 0x0000000003d2d210 code [0x0000000003d2d380, 0x0000000003d2d638]

GC Heap History (2 events):
Event: 14.469 GC heap before
{Heap before GC invocations=1 (full 0):
 PSYoungGen      total 37888K, used 32328K [0x00000000d6600000, 0x00000000d9000000, 0x0000000100000000)
  eden space 32768K, 98% used [0x00000000d6600000,0x00000000d8592198,0x00000000d8600000)
  from space 5120K, 0% used [0x00000000d8b00000,0x00000000d8b00000,0x00000000d9000000)
  to   space 5120K, 0% used [0x00000000d8600000,0x00000000d8600000,0x00000000d8b00000)
 ParOldGen       total 86016K, used 0K [0x0000000083200000, 0x0000000088600000, 0x00000000d6600000)
  object space 86016K, 0% used [0x0000000083200000,0x0000000083200000,0x0000000088600000)
 Metaspace       used 16065K, capacity 16352K, committed 16768K, reserved 1064960K
  class space    used 2004K, capacity 2085K, committed 2176K, reserved 1048576K
Event: 14.474 GC heap after
Heap after GC invocations=1 (full 0):
 PSYoungGen      total 37888K, used 5105K [0x00000000d6600000, 0x00000000d9000000, 0x0000000100000000)
  eden space 32768K, 0% used [0x00000000d6600000,0x00000000d6600000,0x00000000d8600000)
  from space 5120K, 99% used [0x00000000d8600000,0x00000000d8afc568,0x00000000d8b00000)
  to   space 5120K, 0% used [0x00000000d8b00000,0x00000000d8b00000,0x00000000d9000000)
 ParOldGen       total 86016K, used 285K [0x0000000083200000, 0x0000000088600000, 0x00000000d6600000)
  object space 86016K, 0% used [0x0000000083200000,0x00000000832477f0,0x0000000088600000)
 Metaspace       used 16065K, capacity 16352K, committed 16768K, reserved 1064960K
  class space    used 2004K, capacity 2085K, committed 2176K, reserved 1048576K
}

Deoptimization events (10 events):
Event: 3.254 Thread 0x000000001a65c800 Uncommon trap: reason=class_check action=maybe_recompile pc=0x00000000034dfff4 method=java.lang.String.equals(Ljava/lang/Object;)Z @ 8
Event: 55.530 Thread 0x000000001a65c800 Uncommon trap: reason=class_check action=maybe_recompile pc=0x000000000381d7f0 method=java.util.HashMap.putVal(ILjava/lang/Object;Ljava/lang/Object;ZZ)Ljava/lang/Object; @ 203
Event: 55.530 Thread 0x000000001a65c800 Uncommon trap: reason=class_check action=maybe_recompile pc=0x000000000381d7f0 method=java.util.HashMap.putVal(ILjava/lang/Object;Ljava/lang/Object;ZZ)Ljava/lang/Object; @ 203
Event: 55.530 Thread 0x000000001a65c800 Uncommon trap: reason=class_check action=maybe_recompile pc=0x000000000381d7f0 method=java.util.HashMap.putVal(ILjava/lang/Object;Ljava/lang/Object;ZZ)Ljava/lang/Object; @ 203
Event: 55.531 Thread 0x000000001a65c800 Uncommon trap: reason=class_check action=maybe_recompile pc=0x000000000381d7f0 method=java.util.HashMap.putVal(ILjava/lang/Object;Ljava/lang/Object;ZZ)Ljava/lang/Object; @ 203
Event: 56.950 Thread 0x000000001a65c800 Uncommon trap: reason=bimorphic action=maybe_recompile pc=0x00000000038acda8 method=javax.swing.GroupLayout$Group.calculateSize(II)I @ 57
Event: 56.951 Thread 0x000000001a65c800 Uncommon trap: reason=bimorphic action=maybe_recompile pc=0x00000000038acda8 method=javax.swing.GroupLayout$Group.calculateSize(II)I @ 57
Event: 56.954 Thread 0x000000001a65c800 Uncommon trap: reason=bimorphic action=maybe_recompile pc=0x00000000038acda8 method=javax.swing.GroupLayout$Group.calculateSize(II)I @ 57
Event: 56.954 Thread 0x000000001a65c800 Uncommon trap: reason=bimorphic action=maybe_recompile pc=0x00000000038acda8 method=javax.swing.GroupLayout$Group.calculateSize(II)I @ 57
Event: 295.044 Thread 0x000000001f6e4000 Uncommon trap: reason=unstable_if action=reinterpret pc=0x0000000003cde750 method=java.util.concurrent.FutureTask.awaitDone(ZJ)I @ 70

Internal exceptions (10 events):
Event: 1.485 Thread 0x0000000003292800 Exception <a 'java/lang/NoSuchFieldError': method resolution failed> (0x00000000d6dba0c8) thrown at [C:\re\workspace\8-2-build-windows-amd64-cygwin\jdk8u141\9370\hotspot\src\share\vm\prims\methodHandles.cpp, line 1146]
Event: 1.519 Thread 0x0000000003292800 Exception <a 'java/io/FileNotFoundException'> (0x00000000d6f09828) thrown at [C:\re\workspace\8-2-build-windows-amd64-cygwin\jdk8u141\9370\hotspot\src\share\vm\prims\jni.cpp, line 709]
Event: 14.384 Thread 0x000000001a65c800 Exception <a 'java/lang/NoSuchMethodError': <clinit>> (0x00000000d83a0f38) thrown at [C:\re\workspace\8-2-build-windows-amd64-cygwin\jdk8u141\9370\hotspot\src\share\vm\prims\jni.cpp, line 1613]
Event: 14.395 Thread 0x000000001a65c800 Exception <a 'java/lang/NoSuchMethodError': <clinit>> (0x00000000d84774c0) thrown at [C:\re\workspace\8-2-build-windows-amd64-cygwin\jdk8u141\9370\hotspot\src\share\vm\prims\jni.cpp, line 1613]
Event: 14.400 Thread 0x000000001a65c800 Exception <a 'java/lang/NoSuchMethodError': <clinit>> (0x00000000d848ae58) thrown at [C:\re\workspace\8-2-build-windows-amd64-cygwin\jdk8u141\9370\hotspot\src\share\vm\prims\jni.cpp, line 1613]
Event: 14.408 Thread 0x000000001a65c800 Exception <a 'java/lang/NoSuchMethodError': <clinit>> (0x00000000d84b0888) thrown at [C:\re\workspace\8-2-build-windows-amd64-cygwin\jdk8u141\9370\hotspot\src\share\vm\prims\jni.cpp, line 1613]
Event: 67.935 Thread 0x000000001a65c800 Exception <a 'sun/nio/fs/WindowsException'> (0x00000000d70470d8) thrown at [C:\re\workspace\8-2-build-windows-amd64-cygwin\jdk8u141\9370\hotspot\src\share\vm\prims\jni.cpp, line 709]
Event: 67.958 Thread 0x000000001a65c800 Exception <a 'java/lang/NoSuchMethodError': <clinit>> (0x00000000d706a750) thrown at [C:\re\workspace\8-2-build-windows-amd64-cygwin\jdk8u141\9370\hotspot\src\share\vm\prims\jni.cpp, line 1613]
Event: 295.043 Thread 0x000000001a65c800 Exception <a 'sun/nio/fs/WindowsException'> (0x00000000d7c3f2b0) thrown at [C:\re\workspace\8-2-build-windows-amd64-cygwin\jdk8u141\9370\hotspot\src\share\vm\prims\jni.cpp, line 709]
Event: 295.128 Thread 0x000000001a65c800 Exception <a 'sun/nio/fs/WindowsException'> (0x00000000d7d043a0) thrown at [C:\re\workspace\8-2-build-windows-amd64-cygwin\jdk8u141\9370\hotspot\src\share\vm\prims\jni.cpp, line 709]

Events (10 events):
Event: 473.426 Executing VM operation: ChangeBreakpoints done
Event: 473.526 Thread 0x0000000017de8000 Thread exited: 0x0000000017de8000
Event: 497.141 loading class sun/awt/windows/WToolkit$3
Event: 497.289 loading class sun/awt/windows/WToolkit$3 done
Event: 497.289 loading class java/util/WeakHashMap$KeyIterator
Event: 497.568 loading class java/util/WeakHashMap$HashIterator
Event: 497.793 loading class java/util/WeakHashMap$HashIterator done
Event: 497.793 loading class java/util/WeakHashMap$KeyIterator done
Event: 497.794 loading class javax/swing/RepaintManager$DisplayChangedRunnable
Event: 497.848 loading class javax/swing/RepaintManager$DisplayChangedRunnable done


Dynamic libraries:
0x00007ff6e4730000 - 0x00007ff6e4767000 	C:\Program Files\Java\jdk1.8.0_141\bin\javaw.exe
0x00007ffdba110000 - 0x00007ffdba2f1000 	C:\WINDOWS\SYSTEM32\ntdll.dll
0x00007ffdb9e90000 - 0x00007ffdb9f41000 	C:\WINDOWS\System32\KERNEL32.DLL
0x00007ffdb9c10000 - 0x00007ffdb9e83000 	C:\WINDOWS\System32\KERNELBASE.dll
0x00007ffdb7e90000 - 0x00007ffdb7f31000 	C:\WINDOWS\System32\ADVAPI32.dll
0x00007ffdb6980000 - 0x00007ffdb6a1e000 	C:\WINDOWS\System32\msvcrt.dll
0x00007ffdb73b0000 - 0x00007ffdb740b000 	C:\WINDOWS\System32\sechost.dll
0x00007ffdb9aa0000 - 0x00007ffdb9bc4000 	C:\WINDOWS\System32\RPCRT4.dll
0x00007ffdb9f50000 - 0x00007ffdba0e0000 	C:\WINDOWS\System32\USER32.dll
0x00007ffdb6960000 - 0x00007ffdb6980000 	C:\WINDOWS\System32\win32u.dll
0x00007ffdb7150000 - 0x00007ffdb7178000 	C:\WINDOWS\System32\GDI32.dll
0x00007ffdb63c0000 - 0x00007ffdb6551000 	C:\WINDOWS\System32\gdi32full.dll
0x00007ffdb5b40000 - 0x00007ffdb5bdf000 	C:\WINDOWS\System32\msvcp_win.dll
0x00007ffdb6860000 - 0x00007ffdb6958000 	C:\WINDOWS\System32\ucrtbase.dll
0x00007ffda78c0000 - 0x00007ffda7b29000 	C:\WINDOWS\WinSxS\amd64_microsoft.windows.common-controls_6595b64144ccf1df_6.0.17134.885_none_fb42a3473065565f\COMCTL32.dll
0x00007ffdb7410000 - 0x00007ffdb7732000 	C:\WINDOWS\System32\combase.dll
0x00007ffdb6340000 - 0x00007ffdb63b9000 	C:\WINDOWS\System32\bcryptPrimitives.dll
0x00007ffdb7180000 - 0x00007ffdb71ad000 	C:\WINDOWS\System32\IMM32.DLL
0x000000006a820000 - 0x000000006a8f2000 	C:\Program Files\Java\jdk1.8.0_141\jre\bin\msvcr100.dll
0x0000000068ea0000 - 0x000000006973d000 	C:\Program Files\Java\jdk1.8.0_141\jre\bin\server\jvm.dll
0x00007ffdb7f40000 - 0x00007ffdb7f48000 	C:\WINDOWS\System32\PSAPI.DLL
0x00007ffda9d10000 - 0x00007ffda9d19000 	C:\WINDOWS\SYSTEM32\WSOCK32.dll
0x00007ffdb2c30000 - 0x00007ffdb2c53000 	C:\WINDOWS\SYSTEM32\WINMM.dll
0x00007ffdb7dc0000 - 0x00007ffdb7e2c000 	C:\WINDOWS\System32\WS2_32.dll
0x00007ffdaa0c0000 - 0x00007ffdaa0ca000 	C:\WINDOWS\SYSTEM32\VERSION.dll
0x00007ffdb2c00000 - 0x00007ffdb2c2a000 	C:\WINDOWS\SYSTEM32\winmmbase.dll
0x00007ffdb5be0000 - 0x00007ffdb5c29000 	C:\WINDOWS\System32\cfgmgr32.dll
0x000000006a810000 - 0x000000006a81f000 	C:\Program Files\Java\jdk1.8.0_141\jre\bin\verify.dll
0x000000006a7e0000 - 0x000000006a809000 	C:\Program Files\Java\jdk1.8.0_141\jre\bin\java.dll
0x000000006a7a0000 - 0x000000006a7d5000 	C:\Program Files\Java\jdk1.8.0_141\jre\bin\jdwp.dll
0x000000006a790000 - 0x000000006a798000 	C:\Program Files\Java\jdk1.8.0_141\jre\bin\npt.dll
0x000000006a760000 - 0x000000006a783000 	C:\Program Files\Java\jdk1.8.0_141\jre\bin\instrument.dll
0x000000006a740000 - 0x000000006a756000 	C:\Program Files\Java\jdk1.8.0_141\jre\bin\zip.dll
0x00007ffdb8510000 - 0x00007ffdb9950000 	C:\WINDOWS\System32\SHELL32.dll
0x00007ffdb9950000 - 0x00007ffdb99f9000 	C:\WINDOWS\System32\shcore.dll
0x00007ffdb5c30000 - 0x00007ffdb633d000 	C:\WINDOWS\System32\windows.storage.dll
0x00007ffdb71b0000 - 0x00007ffdb7201000 	C:\WINDOWS\System32\shlwapi.dll
0x00007ffdb5af0000 - 0x00007ffdb5b01000 	C:\WINDOWS\System32\kernel.appcore.dll
0x00007ffdb5b20000 - 0x00007ffdb5b3f000 	C:\WINDOWS\System32\profapi.dll
0x00007ffdb5aa0000 - 0x00007ffdb5aec000 	C:\WINDOWS\System32\powrprof.dll
0x00007ffdb5b10000 - 0x00007ffdb5b1a000 	C:\WINDOWS\System32\FLTLIB.DLL
0x000000006a730000 - 0x000000006a739000 	C:\Program Files\Java\jdk1.8.0_141\jre\bin\dt_socket.dll
0x00007ffdaa020000 - 0x00007ffdaa036000 	C:\WINDOWS\system32\napinsp.dll
0x00007ffdabb80000 - 0x00007ffdabb9a000 	C:\WINDOWS\system32\pnrpnsp.dll
0x00007ffdb2320000 - 0x00007ffdb2339000 	C:\WINDOWS\system32\NLAapi.dll
0x00007ffdb52a0000 - 0x00007ffdb5306000 	C:\WINDOWS\System32\mswsock.dll
0x00007ffdb5070000 - 0x00007ffdb512e000 	C:\WINDOWS\SYSTEM32\DNSAPI.dll
0x00007ffdb7f50000 - 0x00007ffdb7f58000 	C:\WINDOWS\System32\NSI.dll
0x00007ffdb5030000 - 0x00007ffdb5068000 	C:\WINDOWS\SYSTEM32\IPHLPAPI.DLL
0x00007ffdb1a80000 - 0x00007ffdb1a8e000 	C:\WINDOWS\System32\winrnr.dll
0x00007ffdb2a90000 - 0x00007ffdb2b02000 	C:\WINDOWS\System32\fwpuclnt.dll
0x00007ffdb5580000 - 0x00007ffdb55a5000 	C:\WINDOWS\SYSTEM32\bcrypt.dll
0x00007ffdadaf0000 - 0x00007ffdadafa000 	C:\Windows\System32\rasadhlp.dll
0x000000006a2a0000 - 0x000000006a438000 	C:\Program Files\Java\jdk1.8.0_141\jre\bin\awt.dll
0x00007ffdb7c00000 - 0x00007ffdb7cc2000 	C:\WINDOWS\System32\OLEAUT32.dll
0x00007ffdb2d90000 - 0x00007ffdb2e1b000 	C:\WINDOWS\SYSTEM32\apphelp.dll
0x00007ffdb32b0000 - 0x00007ffdb32d9000 	C:\WINDOWS\system32\DWMAPI.DLL
0x00007ffdb31e0000 - 0x00007ffdb3278000 	C:\WINDOWS\system32\uxtheme.dll
0x00007ffd98210000 - 0x00007ffd98330000 	C:\WINDOWS\system32\opengl32.dll
0x00007ffda35f0000 - 0x00007ffda361c000 	C:\WINDOWS\SYSTEM32\GLU32.dll
0x00007ffdb7f60000 - 0x00007ffdb80d3000 	C:\WINDOWS\System32\MSCTF.dll
0x00007ffdb8330000 - 0x00007ffdb8481000 	C:\WINDOWS\System32\ole32.dll
0x000000006a6e0000 - 0x000000006a727000 	C:\Program Files\Java\jdk1.8.0_141\jre\bin\fontmanager.dll
0x000000006a6c0000 - 0x000000006a6da000 	C:\Program Files\Java\jdk1.8.0_141\jre\bin\net.dll
0x000000006a6a0000 - 0x000000006a6b1000 	C:\Program Files\Java\jdk1.8.0_141\jre\bin\nio.dll
0x000000006a650000 - 0x000000006a692000 	C:\Program Files\Java\jdk1.8.0_141\jre\bin\t2k.dll
0x00007ffdb9a00000 - 0x00007ffdb9aa0000 	C:\WINDOWS\System32\clbcatq.dll
0x00007ffdb12d0000 - 0x00007ffdb147e000 	C:\WINDOWS\SYSTEM32\WindowsCodecs.dll
0x00007ffd9c4c0000 - 0x00007ffd9c518000 	C:\WINDOWS\system32\dataexchange.dll
0x00007ffdb2160000 - 0x00007ffdb22fc000 	C:\WINDOWS\system32\dcomp.dll
0x00007ffdb4410000 - 0x00007ffdb471b000 	C:\WINDOWS\system32\d3d11.dll
0x00007ffdb4880000 - 0x00007ffdb493b000 	C:\WINDOWS\system32\dxgi.dll
0x00007ffdb3440000 - 0x00007ffdb35f8000 	C:\WINDOWS\system32\twinapi.appcore.dll
0x00007ffdb3390000 - 0x00007ffdb33b1000 	C:\WINDOWS\system32\RMCLIENT.dll
0x00007ffdafcd0000 - 0x00007ffdafd66000 	C:\WINDOWS\System32\TextInputFramework.dll
0x00007ffdb2340000 - 0x00007ffdb241a000 	C:\WINDOWS\System32\CoreMessaging.dll
0x00007ffdb0df0000 - 0x00007ffdb110e000 	C:\WINDOWS\System32\CoreUIComponents.dll
0x00007ffdb4b20000 - 0x00007ffdb4b51000 	C:\WINDOWS\SYSTEM32\ntmarta.dll
0x00007ffdb0c30000 - 0x00007ffdb0d7d000 	C:\WINDOWS\SYSTEM32\wintypes.dll
0x00007ffda8be0000 - 0x00007ffda8c87000 	C:\WINDOWS\WinSxS\amd64_microsoft.windows.common-controls_6595b64144ccf1df_5.82.17134.885_none_f956463330922bba\comctl32.dll
0x00007ffdae330000 - 0x00007ffdae4e4000 	C:\WINDOWS\SYSTEM32\PROPSYS.dll
0x00007ffdaf3f0000 - 0x00007ffdafa8b000 	C:\Windows\System32\OneCoreUAPCommonProxyStub.dll
0x00007ffd9abb0000 - 0x00007ffd9acd7000 	C:\WINDOWS\system32\NetworkExplorer.dll
0x00007ffdaa140000 - 0x00007ffdaa15a000 	C:\WINDOWS\SYSTEM32\MPR.dll
0x00007ffdb2a10000 - 0x00007ffdb2a1b000 	C:\WINDOWS\System32\drprov.dll
0x00007ffdb5880000 - 0x00007ffdb58d6000 	C:\WINDOWS\System32\WINSTA.dll
0x00007ffdb29f0000 - 0x00007ffdb2a06000 	C:\WINDOWS\System32\ntlanman.dll
0x00007ffdb29d0000 - 0x00007ffdb29ed000 	C:\WINDOWS\System32\davclnt.dll
0x00007ffdb2960000 - 0x00007ffdb296c000 	C:\WINDOWS\System32\DAVHLPR.dll
0x00007ffdaf310000 - 0x00007ffdaf327000 	C:\WINDOWS\System32\wkscli.dll
0x00007ffda3680000 - 0x00007ffda3692000 	C:\WINDOWS\SYSTEM32\cscapi.dll
0x00007ffdb5130000 - 0x00007ffdb513e000 	C:\WINDOWS\System32\netutils.dll
0x00007ffdab5a0000 - 0x00007ffdab5ea000 	C:\Windows\System32\dlnashext.dll
0x00007ffd8a270000 - 0x00007ffd8a2d3000 	C:\Windows\System32\PlayToDevice.dll
0x00007ffda6240000 - 0x00007ffda625e000 	C:\Windows\System32\DevDispItemProvider.dll
0x00007ffdada30000 - 0x00007ffdadaa6000 	C:\WINDOWS\System32\MMDevApi.dll
0x00007ffdb5830000 - 0x00007ffdb5857000 	C:\WINDOWS\System32\DEVOBJ.dll
0x00007ffd88ec0000 - 0x00007ffd890a1000 	C:\WINDOWS\system32\wpdshext.dll
0x00007ffda86c0000 - 0x00007ffda885b000 	C:\WINDOWS\WinSxS\amd64_microsoft.windows.gdiplus_6595b64144ccf1df_1.1.17134.885_none_2c2d962c8af7d02d\gdiplus.dll
0x00007ffda8a50000 - 0x00007ffda8aec000 	C:\Windows\System32\PortableDeviceApi.dll
0x00007ffdb6d00000 - 0x00007ffdb714b000 	C:\WINDOWS\System32\SETUPAPI.dll
0x00007ffdb6800000 - 0x00007ffdb6857000 	C:\WINDOWS\System32\WINTRUST.dll
0x00007ffdb5a80000 - 0x00007ffdb5a92000 	C:\WINDOWS\System32\MSASN1.dll
0x00007ffdb6610000 - 0x00007ffdb67f2000 	C:\WINDOWS\System32\CRYPT32.dll
0x00007ffdafc10000 - 0x00007ffdafc47000 	C:\Windows\System32\EhStorShell.dll
0x00007ffdae1d0000 - 0x00007ffdae1f5000 	C:\Windows\System32\EhStorAPI.dll
0x00007ffdb2300000 - 0x00007ffdb2313000 	C:\Windows\System32\WTSAPI32.dll
0x00007ffdaffd0000 - 0x00007ffdaffdd000 	C:\WINDOWS\SYSTEM32\LINKINFO.dll

VM Arguments:
jvm_args: -agentlib:jdwp=transport=dt_socket,suspend=y,address=localhost:62445 -javaagent:C:\Users\612251\eclipse\jee-2018-09\eclipse\configuration\org.eclipse.osgi\419\0\.cp\lib\javaagent-shaded.jar -Dfile.encoding=UTF-8 
java_command: brf.main.Application
java_class_path (initial): C:\Users\612251\eclipse-workspace\DIGEX\bin;C:\Users\612251\eclipse-workspace\DIGEX\store\DIGEX.jar;C:\Users\612251\eclipse-workspace\DIGEX\build\joda-time-2.10.jar;C:\Users\612251\eclipse\jee-2018-09\eclipse\configuration\org.eclipse.osgi\419\0\.cp\lib\javaagent-shaded.jar
Launcher Type: SUN_STANDARD

Environment Variables:
JAVA_HOME=C:\Program Files\Java\jdk1.8.0_141
PATH=C:\Program Files\Java\jdk1.8.0_141\jre\bin;C:/Program Files/Java/jre1.8.0_141/bin/server;C:/Program Files/Java/jre1.8.0_141/bin;C:/Program Files/Java/jre1.8.0_141/lib/amd64;C:\Program Files (x86)\Intel\iCLS Client\;C:\Program Files\Intel\iCLS Client\;C:\ProgramData\Oracle\Java\javapath;C:\WINDOWS\system32;C:\WINDOWS;C:\WINDOWS\System32\Wbem;C:\WINDOWS\System32\WindowsPowerShell\v1.0\;C:\WINDOWS\CCM;C:\Program Files\Java\jdk1.8.0_141\bin;C:\Program Files\SASHome\Secure\ccme4;C:\PostgreSQL\pg10\bin;C:\WINDOWS\System32\OpenSSH\;C:\Program Files (x86)\Intel\Intel(R) Management Engine Components\DAL;C:\Program Files\Intel\Intel(R) Management Engine Components\DAL;C:\Program Files (x86)\Intel\Intel(R) Management Engine Components\IPT;C:\Program Files\Intel\Intel(R) Management Engine Components\IPT;C:\Program Files (x86)\Plantronics\Spokes3G\;C:\Program Files\nodejs\;C:\Users\612251\AppData\Local\Microsoft\WindowsApps;C:\Users\612251\AppData\Roaming\npm;C:\Users\612251\AppData\Local\Programs\Git\cmd;C:\Users\612251\Desktop;
USERNAME=612251
OS=Windows_NT
PROCESSOR_IDENTIFIER=Intel64 Family 6 Model 60 Stepping 3, GenuineIntel



---------------  S Y S T E M  ---------------

OS: Windows 10.0 , 64 bit Build 17134 (10.0.17134.753)

CPU:total 4 (initial active 4) (4 cores per cpu, 1 threads per core) family 6 model 60 stepping 3, cmov, cx8, fxsr, mmx, sse, sse2, sse3, ssse3, sse4.1, sse4.2, popcnt, avx, avx2, aes, clmul, erms, lzcnt, tsc, tscinvbit, bmi1, bmi2

Memory: 4k page, physical 8177472k(662812k free), swap 33343296k(0k free)

vm_info: Java HotSpot(TM) 64-Bit Server VM (25.141-b15) for windows-amd64 JRE (1.8.0_141-b15), built on Jul 12 2017 04:25:12 by "java_re" with MS VC++ 10.0 (VS2010)

time: Mon Aug 05 08:00:34 2019
elapsed time: 499 seconds (0d 0h 8m 19s)

